This is pdfTeX, Version 3.14159265-2.6-1.40.17 (MiKTeX 2.9.6210 64-bit) (preloaded format=pdflatex 2017.2.12)  23 FEB 2017 23:37
entering extended mode
**./Tarea03.tex
(Tarea03.tex
LaTeX2e <2017/01/01> patch level 1
Babel <3.9r> and hyphenation patterns for 75 language(s) loaded.
("C:\Program Files\MiKTeX 2.9\tex\latex\base\article.cls"
Document Class: article 2014/09/29 v1.4h Standard LaTeX document class
("C:\Program Files\MiKTeX 2.9\tex\latex\base\size10.clo"
File: size10.clo 2014/09/29 v1.4h Standard LaTeX file (size option)
)
\c@part=\count79
\c@section=\count80
\c@subsection=\count81
\c@subsubsection=\count82
\c@paragraph=\count83
\c@subparagraph=\count84
\c@figure=\count85
\c@table=\count86
\abovecaptionskip=\skip41
\belowcaptionskip=\skip42
\bibindent=\dimen102
)
("C:\Program Files\MiKTeX 2.9\tex\latex\amsfonts\amsfonts.sty"
Package: amsfonts 2013/01/14 v3.01 Basic AMSFonts support
\@emptytoks=\toks14
\symAMSa=\mathgroup4
\symAMSb=\mathgroup5
LaTeX Font Info:    Overwriting math alphabet `\mathfrak' in version `bold'
(Font)                  U/euf/m/n --> U/euf/b/n on input line 106.
)
("C:\Program Files\MiKTeX 2.9\tex\latex\amsmath\amsmath.sty"
Package: amsmath 2016/11/05 v2.16a AMS math features
\@mathmargin=\skip43

For additional information on amsmath, use the `?' option.
("C:\Program Files\MiKTeX 2.9\tex\latex\amsmath\amstext.sty"
Package: amstext 2000/06/29 v2.01 AMS text

("C:\Program Files\MiKTeX 2.9\tex\latex\amsmath\amsgen.sty"
File: amsgen.sty 1999/11/30 v2.0 generic functions
\@emptytoks=\toks15
\ex@=\dimen103
))
("C:\Program Files\MiKTeX 2.9\tex\latex\amsmath\amsbsy.sty"
Package: amsbsy 1999/11/29 v1.2d Bold Symbols
\pmbraise@=\dimen104
)
("C:\Program Files\MiKTeX 2.9\tex\latex\amsmath\amsopn.sty"
Package: amsopn 2016/03/08 v2.02 operator names
)
\inf@bad=\count87
LaTeX Info: Redefining \frac on input line 213.
\uproot@=\count88
\leftroot@=\count89
LaTeX Info: Redefining \overline on input line 375.
\classnum@=\count90
\DOTSCASE@=\count91
LaTeX Info: Redefining \ldots on input line 472.
LaTeX Info: Redefining \dots on input line 475.
LaTeX Info: Redefining \cdots on input line 596.
\Mathstrutbox@=\box26
\strutbox@=\box27
\big@size=\dimen105
LaTeX Font Info:    Redeclaring font encoding OML on input line 712.
LaTeX Font Info:    Redeclaring font encoding OMS on input line 713.
\macc@depth=\count92
\c@MaxMatrixCols=\count93
\dotsspace@=\muskip10
\c@parentequation=\count94
\dspbrk@lvl=\count95
\tag@help=\toks16
\row@=\count96
\column@=\count97
\maxfields@=\count98
\andhelp@=\toks17
\eqnshift@=\dimen106
\alignsep@=\dimen107
\tagshift@=\dimen108
\tagwidth@=\dimen109
\totwidth@=\dimen110
\lineht@=\dimen111
\@envbody=\toks18
\multlinegap=\skip44
\multlinetaggap=\skip45
\mathdisplay@stack=\toks19
LaTeX Info: Redefining \[ on input line 2817.
LaTeX Info: Redefining \] on input line 2818.
)
("C:\Program Files\MiKTeX 2.9\tex\latex\graphics\graphicx.sty"
Package: graphicx 2014/10/28 v1.0g Enhanced LaTeX Graphics (DPC,SPQR)

("C:\Program Files\MiKTeX 2.9\tex\latex\graphics\keyval.sty"
Package: keyval 2014/10/28 v1.15 key=value parser (DPC)
\KV@toks@=\toks20
)
("C:\Program Files\MiKTeX 2.9\tex\latex\graphics\graphics.sty"
Package: graphics 2016/10/09 v1.0u Standard LaTeX Graphics (DPC,SPQR)

("C:\Program Files\MiKTeX 2.9\tex\latex\graphics\trig.sty"
Package: trig 2016/01/03 v1.10 sin cos tan (DPC)
)
("C:\Program Files\MiKTeX 2.9\tex\latex\graphics-cfg\graphics.cfg"
File: graphics.cfg 2016/06/04 v1.11 sample graphics configuration
)
Package graphics Info: Driver file: pdftex.def on input line 99.

("C:\Program Files\MiKTeX 2.9\tex\latex\graphics-def\pdftex.def"
File: pdftex.def 2017/01/12 v0.06k Graphics/color for pdfTeX

("C:\Program Files\MiKTeX 2.9\tex\generic\oberdiek\infwarerr.sty"
Package: infwarerr 2016/05/16 v1.4 Providing info/warning/error messages (HO)
)
("C:\Program Files\MiKTeX 2.9\tex\generic\oberdiek\ltxcmds.sty"
Package: ltxcmds 2016/05/16 v1.23 LaTeX kernel commands for general use (HO)
)
\Gread@gobject=\count99
))
\Gin@req@height=\dimen112
\Gin@req@width=\dimen113
)
("C:\Program Files\MiKTeX 2.9\tex\latex\float\float.sty"
Package: float 2001/11/08 v1.3d Float enhancements (AL)
\c@float@type=\count100
\float@exts=\toks21
\float@box=\box28
\@float@everytoks=\toks22
\@floatcapt=\box29
)
("C:\Program Files\MiKTeX 2.9\tex\latex\natbib\natbib.sty"
Package: natbib 2010/09/13 8.31b (PWD, AO)
\bibhang=\skip46
\bibsep=\skip47
LaTeX Info: Redefining \cite on input line 694.
\c@NAT@ctr=\count101
)
("C:\Program Files\MiKTeX 2.9\tex\latex\slashbox\slashbox.sty"
slashbox style by K.Yasuoka, May 1993.
\@slashboxa=\box30
\@slashboxb=\box31
\@slashboxc=\box32
\@slashboxwd=\count102
\@slashboxht=\count103
\@slashsepl=\dimen114
\@slashsepr=\dimen115
) ("C:\Program Files\MiKTeX 2.9\tex\latex\sttools\flushend.sty"
Package: flushend 2016/06/21 v3.2 Balancing columns in twocolumn mode
\flushend@@lastskip@a=\skip48
\flushend@@lastskip@b=\skip49
\flushend@@lastskip@c=\skip50
\flushend@@penalty@a=\count104
\flushend@@lastkern@a=\dimen116
\var@@temp@spread=\dimen117
\var@@temp@a=\dimen118
\flushend@@page@rule=\dimen119
\flushend@@varbox@a=\box33
\flushend@@varbox@c=\box34
\flushend@@tempbox@a=\box35
\flushend@@tempbox@c=\box36
\@viper=\box37
\hold@viper=\box38
\atColsBreak=\toks23
\atColsEnd=\toks24

("C:\Program Files\MiKTeX 2.9\tex\latex\etoolbox\etoolbox.sty"
Package: etoolbox 2017/01/02 v2.4 e-TeX tools for LaTeX (JAW)
\etb@tempcnta=\count105
))
("C:\Program Files\MiKTeX 2.9\tex\latex\amsfonts\amssymb.sty"
Package: amssymb 2013/01/14 v3.01 AMS font symbols
)
("C:\Program Files\MiKTeX 2.9\tex\latex\amsmath\amsxtra.sty"
Package: amsxtra 1999/11/15 v1.2c AMS extra commands
LaTeX Info: Redefining \nobreakspace on input line 54.
)
("C:\Program Files\MiKTeX 2.9\tex\latex\amscls\amsthm.sty"
Package: amsthm 2015/03/04 v2.20.2
\thm@style=\toks25
\thm@bodyfont=\toks26
\thm@headfont=\toks27
\thm@notefont=\toks28
\thm@headpunct=\toks29
\thm@preskip=\skip51
\thm@postskip=\skip52
\thm@headsep=\skip53
\dth@everypar=\toks30
)
("C:\Program Files\MiKTeX 2.9\tex\latex\base\latexsym.sty"
Package: latexsym 1998/08/17 v2.2e Standard LaTeX package (lasy symbols)
\symlasy=\mathgroup6
LaTeX Font Info:    Overwriting symbol font `lasy' in version `bold'
(Font)                  U/lasy/m/n --> U/lasy/b/n on input line 52.
)
("C:\Program Files\MiKTeX 2.9\tex\latex\jknappen\mathrsfs.sty"
Package: mathrsfs 1996/01/01 Math RSFS package v1.0 (jk)
\symrsfs=\mathgroup7
)
("C:\Program Files\MiKTeX 2.9\tex\latex\amsfonts\eucal.sty"
Package: eucal 2009/06/22 v3.00 Euler Script fonts
LaTeX Font Info:    Overwriting math alphabet `\EuScript' in version `bold'
(Font)                  U/eus/m/n --> U/eus/b/n on input line 33.
)
("C:\Program Files\MiKTeX 2.9\tex\latex\synttree\synttree.sty"
\MTr@level=\count106
\MTr@numchildren=\count107
\MTr@maxlevel=\count108
\MTr@mybranchmult=\count109
\MTr@labelbox=\box39
\MTr@treebox=\box40
\MTr@treev=\count110
\MTr@treew=\count111
\MTr@treeheight=\count112
\MTr@treedepth=\count113
\MTr@branchmult=\count114
\MTr@labeldepth=\count115
\MTr@labelheight=\count116
\MTr@labelhalfwidth=\count117
\MTr@morex=\count118
\MTr@parenty=\count119
\MTr@picwidth=\count120
\MTr@picheight=\count121
\MTr@templength=\skip54
\MTr@loopcnta=\count122
\MTr@tempcnta=\count123
\MTr@tempcntb=\count124
\MTr@tempcntc=\count125
\MTr@branchheight=\count126
\MTr@trianglemultright=\count127
\MTr@trianglemultleft=\count128
\MTr@lineoffset=\count129
\MTr@minheight=\skip55
\MTr@childsidesep=\count130
\MTr@childattachsep=\count131
)
("C:\Program Files\MiKTeX 2.9\tex\generic\babel\babel.sty"
Package: babel 2016/04/23 3.9r The Babel package

*************************************
* Local config file bblopts.cfg used
*
("C:\Program Files\MiKTeX 2.9\tex\latex\arabi\bblopts.cfg"
File: bblopts.cfg 2005/09/08 v0.1 add Arabic and Farsi to "declared" options of
 babel
)
("C:\Program Files\MiKTeX 2.9\tex\latex\babel-spanish\spanish.ldf"
Language: spanish.ldf 2016/03/03 v5.0p Spanish support from the babel system

("C:\Program Files\MiKTeX 2.9\tex\generic\babel\babel.def"
File: babel.def 2016/04/23 3.9r Babel common definitions
\babel@savecnt=\count132
\U@D=\dimen120
)
\es@quottoks=\toks31
\es@quotdepth=\count133
Package babel Info: Making " an active character on input line 561.
Package babel Info: Making . an active character on input line 662.
Package babel Info: Making < an active character on input line 707.
Package babel Info: Making > an active character on input line 707.
))
("C:\Program Files\MiKTeX 2.9\tex\latex\base\inputenc.sty"
Package: inputenc 2015/03/17 v1.2c Input encoding file
\inpenc@prehook=\toks32
\inpenc@posthook=\toks33

("C:\Program Files\MiKTeX 2.9\tex\latex\ucs\utf8x.def"
File: utf8x.def 2004/10/17 UCS: Input encoding UTF-8
))
("C:\Program Files\MiKTeX 2.9\tex\latex\ucs\ucs.sty"
Package: ucs 2013/05/11 v2.2 UCS: Unicode input support

("C:\Program Files\MiKTeX 2.9\tex\latex\ucs\uni-global.def"
File: uni-global.def 2013/05/13 UCS: Unicode global data
)
\uc@secondtry=\count134
\uc@combtoks=\toks34
\uc@combtoksb=\toks35
\uc@temptokena=\toks36
) (Tarea03.aux
LaTeX Info: Redefining \. on input line 6.
LaTeX Info: Redefining \% on input line 6.
)
\openout1 = `Tarea03.aux'.

LaTeX Font Info:    Checking defaults for OML/cmm/m/it on input line 30.
LaTeX Font Info:    ... okay on input line 30.
LaTeX Font Info:    Checking defaults for T1/cmr/m/n on input line 30.
LaTeX Font Info:    ... okay on input line 30.
LaTeX Font Info:    Checking defaults for OT1/cmr/m/n on input line 30.
LaTeX Font Info:    ... okay on input line 30.
LaTeX Font Info:    Checking defaults for OMS/cmsy/m/n on input line 30.
LaTeX Font Info:    ... okay on input line 30.
LaTeX Font Info:    Checking defaults for OMX/cmex/m/n on input line 30.
LaTeX Font Info:    ... okay on input line 30.
LaTeX Font Info:    Checking defaults for U/cmr/m/n on input line 30.
LaTeX Font Info:    ... okay on input line 30.

("C:\Program Files\MiKTeX 2.9\tex\context\base\supp-pdf.mkii"
[Loading MPS to PDF converter (version 2006.09.02).]
\scratchcounter=\count135
\scratchdimen=\dimen121
\scratchbox=\box41
\nofMPsegments=\count136
\nofMParguments=\count137
\everyMPshowfont=\toks37
\MPscratchCnt=\count138
\MPscratchDim=\dimen122
\MPnumerator=\count139
\makeMPintoPDFobject=\count140
\everyMPtoPDFconversion=\toks38
) ("C:\Program Files\MiKTeX 2.9\tex\generic\oberdiek\pdftexcmds.sty"
Package: pdftexcmds 2016/05/21 v0.22 Utility functions of pdfTeX for LuaTeX (HO
)

("C:\Program Files\MiKTeX 2.9\tex\generic\oberdiek\ifluatex.sty"
Package: ifluatex 2016/05/16 v1.4 Provides the ifluatex switch (HO)
Package ifluatex Info: LuaTeX not detected.
)
("C:\Program Files\MiKTeX 2.9\tex\generic\oberdiek\ifpdf.sty"
Package: ifpdf 2016/05/14 v3.1 Provides the ifpdf switch
)
Package pdftexcmds Info: LuaTeX not detected.
Package pdftexcmds Info: \pdf@primitive is available.
Package pdftexcmds Info: \pdf@ifprimitive is available.
Package pdftexcmds Info: \pdfdraftmode found.
)
("C:\Program Files\MiKTeX 2.9\tex\latex\oberdiek\epstopdf-base.sty"
Package: epstopdf-base 2016/05/15 v2.6 Base part for package epstopdf

("C:\Program Files\MiKTeX 2.9\tex\latex\oberdiek\grfext.sty"
Package: grfext 2016/05/16 v1.2 Manage graphics extensions (HO)

("C:\Program Files\MiKTeX 2.9\tex\generic\oberdiek\kvdefinekeys.sty"
Package: kvdefinekeys 2016/05/16 v1.4 Define keys (HO)
))
("C:\Program Files\MiKTeX 2.9\tex\latex\oberdiek\kvoptions.sty"
Package: kvoptions 2016/05/16 v3.12 Key value format for package options (HO)

("C:\Program Files\MiKTeX 2.9\tex\generic\oberdiek\kvsetkeys.sty"
Package: kvsetkeys 2016/05/16 v1.17 Key value parser (HO)

("C:\Program Files\MiKTeX 2.9\tex\generic\oberdiek\etexcmds.sty"
Package: etexcmds 2016/05/16 v1.6 Avoid name clashes with e-TeX commands (HO)
Package etexcmds Info: Could not find \expanded.
(etexcmds)             That can mean that you are not using pdfTeX 1.50 or
(etexcmds)             that some package has redefined \expanded.
(etexcmds)             In the latter case, load this package earlier.
)))
Package epstopdf-base Info: Redefining graphics rule for `.eps' on input line 4
38.
Package grfext Info: Graphics extension search list:
(grfext)             [.png,.pdf,.jpg,.mps,.jpeg,.jbig2,.jb2,.PNG,.PDF,.JPG,.JPE
G,.JBIG2,.JB2,.eps]
(grfext)             \AppendGraphicsExtensions on input line 456.
)
LaTeX Info: Redefining \. on input line 30.
LaTeX Info: Redefining \% on input line 30.

("C:\Program Files\MiKTeX 2.9\tex\latex\ucs\ucsencs.def"
File: ucsencs.def 2011/01/21 Fixes to fontencodings LGR, T3
)
("C:\Program Files\MiKTeX 2.9\tex\latex\ucs\uni-0.def"
File: uni-0.def 2013/05/13 UCS: Unicode data U+0000..U+00FF
)
LaTeX Font Info:    Try loading font information for U+msa on input line 32.

("C:\Program Files\MiKTeX 2.9\tex\latex\amsfonts\umsa.fd"
File: umsa.fd 2013/01/14 v3.01 AMS symbols A
)
LaTeX Font Info:    Try loading font information for U+msb on input line 32.

("C:\Program Files\MiKTeX 2.9\tex\latex\amsfonts\umsb.fd"
File: umsb.fd 2013/01/14 v3.01 AMS symbols B
)
LaTeX Font Info:    Try loading font information for U+lasy on input line 32.

("C:\Program Files\MiKTeX 2.9\tex\latex\base\ulasy.fd"
File: ulasy.fd 1998/08/17 v2.2e LaTeX symbol font definitions
)
LaTeX Font Info:    Try loading font information for U+rsfs on input line 32.

("C:\Program Files\MiKTeX 2.9\tex\latex\jknappen\ursfs.fd"
File: ursfs.fd 1998/03/24 rsfs font definition file (jk)
)
<imagenes/Minimax.png, id=1, 1075.01625pt x 442.65375pt>
File: imagenes/Minimax.png Graphic file (type png)

<use imagenes/Minimax.png>
Package pdftex.def Info: imagenes/Minimax.png used on input line 39.
(pdftex.def)             Requested size: 345.0pt x 142.05734pt.
 <imagenes/2.png, id=2, 1075.01625pt x 442.65375pt>
File: imagenes/2.png Graphic file (type png)

<use imagenes/2.png>
Package pdftex.def Info: imagenes/2.png used on input line 47.
(pdftex.def)             Requested size: 345.0pt x 142.05734pt.

Underfull \hbox (badness 10000) in paragraph at lines 43--48

 []

<imagenes/3.png, id=4, 1075.01625pt x 442.65375pt>
File: imagenes/3.png Graphic file (type png)
 <use imagenes/3.png>
Package pdftex.def Info: imagenes/3.png used on input line 51.
(pdftex.def)             Requested size: 345.0pt x 142.05734pt.

[1

{C:/ProgramData/MiKTeX/2.9/pdftex/config/pdftex.map} <./imagenes/Minimax.png>] 
<imagenes/4.png, id=14, 1075.01625pt x 442.65375pt>
File: imagenes/4.png Graphic file (type png)
 <use imagenes/4.png>
Package pdftex.def Info: imagenes/4.png used on input line 55.
(pdftex.def)             Requested size: 345.0pt x 142.05734pt.

<imagenes/5.png, id=15, 1075.01625pt x 442.65375pt>
File: imagenes/5.png Graphic file (type png)
 <use imagenes/5.png>
Package pdftex.def Info: imagenes/5.png used on input line 59.
(pdftex.def)             Requested size: 345.0pt x 142.05734pt.

<imagenes/6.png, id=16, 1075.01625pt x 442.65375pt>
File: imagenes/6.png Graphic file (type png)
 <use imagenes/6.png>
Package pdftex.def Info: imagenes/6.png used on input line 63.
(pdftex.def)             Requested size: 345.0pt x 142.05734pt.

[2 <./imagenes/2.png> <./imagenes/3.png> <./imagenes/4.png>]
<imagenes/7.png, id=23, 1075.01625pt x 442.65375pt>
File: imagenes/7.png Graphic file (type png)
 <use imagenes/7.png>
Package pdftex.def Info: imagenes/7.png used on input line 67.
(pdftex.def)             Requested size: 345.0pt x 142.05734pt.

<imagenes/8.png, id=24, 1075.01625pt x 442.65375pt>
File: imagenes/8.png Graphic file (type png)
 <use imagenes/8.png>
Package pdftex.def Info: imagenes/8.png used on input line 71.
(pdftex.def)             Requested size: 345.0pt x 142.05734pt.

<imagenes/9.png, id=25, 1075.01625pt x 442.65375pt>
File: imagenes/9.png Graphic file (type png)
 <use imagenes/9.png>
Package pdftex.def Info: imagenes/9.png used on input line 75.
(pdftex.def)             Requested size: 345.0pt x 142.05734pt.

[3 <./imagenes/5.png> <./imagenes/6.png> <./imagenes/7.png>]
<imagenes/10.png, id=32, 1075.01625pt x 442.65375pt>
File: imagenes/10.png Graphic file (type png)
 <use imagenes/10.png>
Package pdftex.def Info: imagenes/10.png used on input line 79.
(pdftex.def)             Requested size: 345.0pt x 142.05734pt.

<imagenes/11.png, id=33, 1075.01625pt x 442.65375pt>
File: imagenes/11.png Graphic file (type png)
 <use imagenes/11.png>
Package pdftex.def Info: imagenes/11.png used on input line 83.
(pdftex.def)             Requested size: 345.0pt x 142.05734pt.

<imagenes/12.png, id=34, 1075.01625pt x 442.65375pt>
File: imagenes/12.png Graphic file (type png)
 <use imagenes/12.png>
Package pdftex.def Info: imagenes/12.png used on input line 87.
(pdftex.def)             Requested size: 345.0pt x 142.05734pt.

[4 <./imagenes/8.png> <./imagenes/9.png> <./imagenes/10.png>]
<imagenes/13.png, id=41, 1075.01625pt x 442.65375pt>
File: imagenes/13.png Graphic file (type png)
 <use imagenes/13.png>
Package pdftex.def Info: imagenes/13.png used on input line 91.
(pdftex.def)             Requested size: 345.0pt x 142.05734pt.

<imagenes/14.png, id=42, 1075.01625pt x 442.65375pt>
File: imagenes/14.png Graphic file (type png)
 <use imagenes/14.png>
Package pdftex.def Info: imagenes/14.png used on input line 95.
(pdftex.def)             Requested size: 345.0pt x 142.05734pt.

<imagenes/15.png, id=43, 1075.01625pt x 442.65375pt>
File: imagenes/15.png Graphic file (type png)
 <use imagenes/15.png>
Package pdftex.def Info: imagenes/15.png used on input line 99.
(pdftex.def)             Requested size: 345.0pt x 142.05734pt.

[5 <./imagenes/11.png> <./imagenes/12.png> <./imagenes/13.png>]
<imagenes/16.png, id=50, 1075.01625pt x 442.65375pt>
File: imagenes/16.png Graphic file (type png)
 <use imagenes/16.png>
Package pdftex.def Info: imagenes/16.png used on input line 103.
(pdftex.def)             Requested size: 345.0pt x 142.05734pt.

<imagenes/17.png, id=51, 1075.01625pt x 442.65375pt>
File: imagenes/17.png Graphic file (type png)
 <use imagenes/17.png>
Package pdftex.def Info: imagenes/17.png used on input line 107.
(pdftex.def)             Requested size: 345.0pt x 142.05734pt.

<imagenes/18.png, id=52, 1075.01625pt x 442.65375pt>
File: imagenes/18.png Graphic file (type png)
 <use imagenes/18.png>
Package pdftex.def Info: imagenes/18.png used on input line 111.
(pdftex.def)             Requested size: 345.0pt x 142.05734pt.

[6 <./imagenes/14.png> <./imagenes/15.png> <./imagenes/16.png>]
<imagenes/19.png, id=59, 1075.01625pt x 442.65375pt>
File: imagenes/19.png Graphic file (type png)
 <use imagenes/19.png>
Package pdftex.def Info: imagenes/19.png used on input line 115.
(pdftex.def)             Requested size: 345.0pt x 142.05734pt.

<imagenes/20.png, id=60, 1075.01625pt x 442.65375pt>
File: imagenes/20.png Graphic file (type png)
 <use imagenes/20.png>
Package pdftex.def Info: imagenes/20.png used on input line 119.
(pdftex.def)             Requested size: 345.0pt x 142.05734pt.

<imagenes/21.png, id=61, 1075.01625pt x 442.65375pt>
File: imagenes/21.png Graphic file (type png)
 <use imagenes/21.png>
Package pdftex.def Info: imagenes/21.png used on input line 123.
(pdftex.def)             Requested size: 345.0pt x 142.05734pt.

[7 <./imagenes/17.png> <./imagenes/18.png> <./imagenes/19.png>]
<imagenes/22.png, id=69, 1075.01625pt x 442.65375pt>
File: imagenes/22.png Graphic file (type png)
 <use imagenes/22.png>
Package pdftex.def Info: imagenes/22.png used on input line 127.
(pdftex.def)             Requested size: 345.0pt x 142.05734pt.

<imagenes/23.png, id=70, 1075.01625pt x 442.65375pt>
File: imagenes/23.png Graphic file (type png)
 <use imagenes/23.png>
Package pdftex.def Info: imagenes/23.png used on input line 131.
(pdftex.def)             Requested size: 345.0pt x 142.05734pt.

<imagenes/24.png, id=71, 1075.01625pt x 442.65375pt>
File: imagenes/24.png Graphic file (type png)
 <use imagenes/24.png>
Package pdftex.def Info: imagenes/24.png used on input line 135.
(pdftex.def)             Requested size: 345.0pt x 142.05734pt.

[8 <./imagenes/20.png> <./imagenes/21.png> <./imagenes/22.png>]
<imagenes/25.png, id=78, 1075.01625pt x 442.65375pt>
File: imagenes/25.png Graphic file (type png)
 <use imagenes/25.png>
Package pdftex.def Info: imagenes/25.png used on input line 139.
(pdftex.def)             Requested size: 345.0pt x 142.05734pt.

[9 <./imagenes/23.png> <./imagenes/24.png> <./imagenes/25.png>] (Tarea03.aux
LaTeX Info: Redefining \. on input line 6.
LaTeX Info: Redefining \% on input line 6.
) ) 
Here is how much of TeX's memory you used:
 5090 strings out of 493333
 67273 string characters out of 3139197
 141683 words of memory out of 3000000
 8483 multiletter control sequences out of 15000+200000
 11908 words of font info for 53 fonts, out of 3000000 for 9000
 1141 hyphenation exceptions out of 8191
 39i,7n,30p,813b,593s stack positions out of 5000i,500n,10000p,200000b,50000s
<C:/Program Files/MiKTeX 2.9/fonts/type1/public/amsfonts/cm/cmmi10.pfb><C:/P
rogram Files/MiKTeX 2.9/fonts/type1/public/amsfonts/cm/cmr10.pfb><C:/Program Fi
les/MiKTeX 2.9/fonts/type1/public/amsfonts/cm/cmr12.pfb><C:/Program Files/MiKTe
X 2.9/fonts/type1/public/amsfonts/cm/cmr17.pfb><C:/Program Files/MiKTeX 2.9/fon
ts/type1/public/amsfonts/cm/cmsy10.pfb>
Output written on Tarea03.pdf (9 pages, 910518 bytes).
PDF statistics:
 102 PDF objects out of 1000 (max. 8388607)
 0 named destinations out of 1000 (max. 500000)
 126 words of extra memory for PDF output out of 10000 (max. 10000000)

